<?xml version="1.0" encoding="UTF-8"?>
<testsuite xmlns:xsi="http://www.w3.org/2001/XMLSchema-instance" xsi:noNamespaceSchemaLocation="https://maven.apache.org/surefire/maven-surefire-plugin/xsd/surefire-test-report.xsd" name="dk.ckmwn.impl.ArticleManagementTest" time="44.271" tests="7" errors="0" skipped="0" failures="0">
  <properties>
[...]
</properties>
  <testcase name="mustUpdateArticleWithValidId" classname="dk.ckmwn.impl.ArticleManagementTest" time="4.561"/>
  <testcase name="mustCreateArticle" classname="dk.ckmwn.impl.ArticleManagementTest" time="0.041"/>
  <testcase name="mustDeleteArticleWithExistingId" classname="dk.ckmwn.impl.ArticleManagementTest" time="0.209"/>
  <testcase name="mustNotUpdateArticleWithInvalidId" classname="dk.ckmwn.impl.ArticleManagementTest" time="0.009"/>
  <testcase name="mustNotUpdateArticleWithoutId" classname="dk.ckmwn.impl.ArticleManagementTest" time="0"/>
  <testcase name="mustNotCreateArticleWithId" classname="dk.ckmwn.impl.ArticleManagementTest" time="0"/>
  <testcase name="mustGetArticleWithValidId" classname="dk.ckmwn.impl.ArticleManagementTest" time="0.038"/>
</testsuite>